<?xml version="1.0" encoding="UTF-8"?>
<testsuite xmlns:xsi="http://www.w3.org/2001/XMLSchema-instance" xsi:noNamespaceSchemaLocation="https://maven.apache.org/surefire/maven-surefire-plugin/xsd/surefire-test-report-3.0.xsd" version="3.0" name="com.example.dmn.DmnEvaluationTest" time="0.777" tests="5" errors="0" skipped="0" failures="0">
  <properties>
[...]
</properties>
  <testcase name="testNotEligibleApplicantLowCreditScore" classname="com.example.dmn.DmnEvaluationTest" time="0.7"/>
  <testcase name="testEligibleApplicantReasonableAmount" classname="com.example.dmn.DmnEvaluationTest" time="0.021"/>
  <testcase name="testUnderageApplicant" classname="com.example.dmn.DmnEvaluationTest" time="0.015"/>
  <testcase name="testEligibleApplicantHighLoanAmount" classname="com.example.dmn.DmnEvaluationTest" time="0.013"/>
  <testcase name="testNotEligibleApplicantLowIncome" classname="com.example.dmn.DmnEvaluationTest" time="0.014"/>
</testsuite>